This is pdfTeX, Version 3.14159265-2.6-1.40.20 (MiKTeX 2.9.7140 64-bit) (preloaded format=pdflatex 2019.10.5)  27 MAR 2020 18:51
entering extended mode
**./DSA.tex
(DSA.tex
LaTeX2e <2018-12-01>
("C:\Users\pc\AppData\Local\Programs\MiKTeX 2.9\tex/latex/base\article.cls"
Document Class: article 2018/09/03 v1.4i Standard LaTeX document class
("C:\Users\pc\AppData\Local\Programs\MiKTeX 2.9\tex/latex/base\size11.clo"
File: size11.clo 2018/09/03 v1.4i Standard LaTeX file (size option)
)
\c@part=\count80
\c@section=\count81
\c@subsection=\count82
\c@subsubsection=\count83
\c@paragraph=\count84
\c@subparagraph=\count85
\c@figure=\count86
\c@table=\count87
\abovecaptionskip=\skip41
\belowcaptionskip=\skip42
\bibindent=\dimen102
)
("C:\Users\pc\AppData\Local\Programs\MiKTeX 2.9\tex/latex/algorithmicx\algpseud
ocode.sty"
Package: algpseudocode 

("C:\Users\pc\AppData\Local\Programs\MiKTeX 2.9\tex/latex/base\ifthen.sty"
Package: ifthen 2014/09/29 v1.1c Standard LaTeX ifthen package (DPC)
)
("C:\Users\pc\AppData\Local\Programs\MiKTeX 2.9\tex/latex/algorithmicx\algorith
micx.sty"
Package: algorithmicx 2005/04/27 v1.2 Algorithmicx

Document Style algorithmicx 1.2 - a greatly improved `algorithmic' style
\c@ALG@line=\count88
\c@ALG@rem=\count89
\c@ALG@nested=\count90
\ALG@tlm=\skip43
\ALG@thistlm=\skip44
\c@ALG@Lnr=\count91
\c@ALG@blocknr=\count92
\c@ALG@storecount=\count93
\c@ALG@tmpcounter=\count94
\ALG@tmplength=\skip45
)
Document Style - pseudocode environments for use with the `algorithmicx' style
)
("C:\Users\pc\AppData\Local\Programs\MiKTeX 2.9\tex/latex/algorithms\algorithm.
sty"
Package: algorithm 2009/08/24 v0.1 Document Style `algorithm' - floating enviro
nment
 ("C:\Users\pc\AppData\Local\Programs\MiKTeX 2.9\tex/latex/float\float.sty"
Package: float 2001/11/08 v1.3d Float enhancements (AL)
\c@float@type=\count95
\float@exts=\toks14
\float@box=\box27
\@float@everytoks=\toks15
\@floatcapt=\box28
)
\@float@every@algorithm=\toks16
\c@algorithm=\count96
) (DSA.aux)
\openout1 = `DSA.aux'.

LaTeX Font Info:    Checking defaults for OML/cmm/m/it on input line 5.
LaTeX Font Info:    ... okay on input line 5.
LaTeX Font Info:    Checking defaults for T1/cmr/m/n on input line 5.
LaTeX Font Info:    ... okay on input line 5.
LaTeX Font Info:    Checking defaults for OT1/cmr/m/n on input line 5.
LaTeX Font Info:    ... okay on input line 5.
LaTeX Font Info:    Checking defaults for OMS/cmsy/m/n on input line 5.
LaTeX Font Info:    ... okay on input line 5.
LaTeX Font Info:    Checking defaults for OMX/cmex/m/n on input line 5.
LaTeX Font Info:    ... okay on input line 5.
LaTeX Font Info:    Checking defaults for U/cmr/m/n on input line 5.
LaTeX Font Info:    ... okay on input line 5.
LaTeX Font Info:    External font `cmex10' loaded for size
(Font)              <10.95> on input line 13.
LaTeX Font Info:    External font `cmex10' loaded for size
(Font)              <8> on input line 13.
LaTeX Font Info:    External font `cmex10' loaded for size
(Font)              <6> on input line 13.

Underfull \hbox (badness 10000) in paragraph at lines 13--14

 []


Underfull \hbox (badness 10000) in paragraph at lines 15--16

 []


Overfull \hbox (24.16194pt too wide) in paragraph at lines 18--24
\OML/cmm/m/it/10.95 e\OT1/cmr/m/n/10.95 (\OML/cmm/m/it/10.95 i; j\OT1/cmr/m/n/1
0.95 )$ = min-i-mum sum of squared er-rors for points $(\OML/cmm/m/it/10.95 x[]
; y[]\OT1/cmr/m/n/10.95 )\OML/cmm/m/it/10.95 ; \OT1/cmr/m/n/10.95 (\OML/cmm/m/i
t/10.95 x[]; y[]\OT1/cmr/m/n/10.95 )\OML/cmm/m/it/10.95 ; :::; \OT1/cmr/m/n/10.
95 (\OML/cmm/m/it/10.95 x[]; y[]\OT1/cmr/m/n/10.95 )$, 
 []


Underfull \hbox (badness 10000) in paragraph at lines 18--24

 []


Underfull \hbox (badness 10000) in paragraph at lines 18--24

 []


Underfull \hbox (badness 10000) in paragraph at lines 18--24

 []


Underfull \hbox (badness 10000) in paragraph at lines 25--26

 []


Underfull \hbox (badness 10000) in paragraph at lines 29--33

 []


Underfull \hbox (badness 10000) in paragraph at lines 34--46

 []


Underfull \hbox (badness 10000) in paragraph at lines 34--46

 []

[1

{C:/Users/pc/AppData/Local/MiKTeX/2.9/pdftex/config/pdftex.map}]
Underfull \hbox (badness 10000) in paragraph at lines 47--50

 []

[2] [3] (DSA.aux) ) 
Here is how much of TeX's memory you used:
 855 strings out of 492895
 11631 string characters out of 3125136
 80028 words of memory out of 3000000
 4828 multiletter control sequences out of 15000+200000
 7452 words of font info for 27 fonts, out of 3000000 for 9000
 1141 hyphenation exceptions out of 8191
 27i,4n,20p,900b,316s stack positions out of 5000i,500n,10000p,200000b,50000s
<C:/Users/pc/AppData/Local/Programs/MiKTeX 2.9/fonts/type1/p
ublic/amsfonts/cm/cmbx10.pfb><C:/Users/pc/AppData/Local/Programs/MiKTeX 2.9/fon
ts/type1/public/amsfonts/cm/cmex10.pfb><C:/Users/pc/AppData/Local/Programs/MiKT
eX 2.9/fonts/type1/public/amsfonts/cm/cmmi10.pfb><C:/Users/pc/AppData/Local/Pro
grams/MiKTeX 2.9/fonts/type1/public/amsfonts/cm/cmmi6.pfb><C:/Users/pc/AppData/
Local/Programs/MiKTeX 2.9/fonts/type1/public/amsfonts/cm/cmmi8.pfb><C:/Users/pc
/AppData/Local/Programs/MiKTeX 2.9/fonts/type1/public/amsfonts/cm/cmr10.pfb><C:
/Users/pc/AppData/Local/Programs/MiKTeX 2.9/fonts/type1/public/amsfonts/cm/cmr1
2.pfb><C:/Users/pc/AppData/Local/Programs/MiKTeX 2.9/fonts/type1/public/amsfont
s/cm/cmr6.pfb><C:/Users/pc/AppData/Local/Programs/MiKTeX 2.9/fonts/type1/public
/amsfonts/cm/cmr8.pfb><C:/Users/pc/AppData/Local/Programs/MiKTeX 2.9/fonts/type
1/public/amsfonts/cm/cmr9.pfb><C:/Users/pc/AppData/Local/Programs/MiKTeX 2.9/fo
nts/type1/public/amsfonts/cm/cmsy10.pfb><C:/Users/pc/AppData/Local/Programs/MiK
TeX 2.9/fonts/type1/public/amsfonts/cm/cmsy8.pfb><C:/Users/pc/AppData/Local/Pro
grams/MiKTeX 2.9/fonts/type1/public/amsfonts/cm/cmtt10.pfb>
Output written on DSA.pdf (3 pages, 149939 bytes).
PDF statistics:
 64 PDF objects out of 1000 (max. 8388607)
 0 named destinations out of 1000 (max. 500000)
 1 words of extra memory for PDF output out of 10000 (max. 10000000)

