This is pdfTeX, Version 3.14159265-2.6-1.40.20 (MiKTeX 2.9.7140 64-bit) (preloaded format=pdflatex 2019.10.5)  27 APR 2020 15:39
entering extended mode
**./DSA.tex
(DSA.tex
LaTeX2e <2018-12-01>
("C:\Users\pc\AppData\Local\Programs\MiKTeX 2.9\tex/latex/base\article.cls"
Document Class: article 2018/09/03 v1.4i Standard LaTeX document class
("C:\Users\pc\AppData\Local\Programs\MiKTeX 2.9\tex/latex/base\size11.clo"
File: size11.clo 2018/09/03 v1.4i Standard LaTeX file (size option)
)
\c@part=\count80
\c@section=\count81
\c@subsection=\count82
\c@subsubsection=\count83
\c@paragraph=\count84
\c@subparagraph=\count85
\c@figure=\count86
\c@table=\count87
\abovecaptionskip=\skip41
\belowcaptionskip=\skip42
\bibindent=\dimen102
)
("C:\Users\pc\AppData\Local\Programs\MiKTeX 2.9\tex/latex/algorithmicx\algpseud
ocode.sty"
Package: algpseudocode 

("C:\Users\pc\AppData\Local\Programs\MiKTeX 2.9\tex/latex/base\ifthen.sty"
Package: ifthen 2014/09/29 v1.1c Standard LaTeX ifthen package (DPC)
)
("C:\Users\pc\AppData\Local\Programs\MiKTeX 2.9\tex/latex/algorithmicx\algorith
micx.sty"
Package: algorithmicx 2005/04/27 v1.2 Algorithmicx

Document Style algorithmicx 1.2 - a greatly improved `algorithmic' style
\c@ALG@line=\count88
\c@ALG@rem=\count89
\c@ALG@nested=\count90
\ALG@tlm=\skip43
\ALG@thistlm=\skip44
\c@ALG@Lnr=\count91
\c@ALG@blocknr=\count92
\c@ALG@storecount=\count93
\c@ALG@tmpcounter=\count94
\ALG@tmplength=\skip45
)
Document Style - pseudocode environments for use with the `algorithmicx' style
)
("C:\Users\pc\AppData\Local\Programs\MiKTeX 2.9\tex/latex/algorithms\algorithm.
sty"
Package: algorithm 2009/08/24 v0.1 Document Style `algorithm' - floating enviro
nment
 ("C:\Users\pc\AppData\Local\Programs\MiKTeX 2.9\tex/latex/float\float.sty"
Package: float 2001/11/08 v1.3d Float enhancements (AL)
\c@float@type=\count95
\float@exts=\toks14
\float@box=\box27
\@float@everytoks=\toks15
\@floatcapt=\box28
)
\@float@every@algorithm=\toks16
\c@algorithm=\count96
)
("C:\Users\pc\AppData\Local\Programs\MiKTeX 2.9\tex/latex/graphics\graphicx.sty
"
Package: graphicx 2017/06/01 v1.1a Enhanced LaTeX Graphics (DPC,SPQR)
 ("C:\Users\pc\AppData\Local\Programs\MiKTeX 2.9\tex/latex/graphics\keyval.sty"
Package: keyval 2014/10/28 v1.15 key=value parser (DPC)
\KV@toks@=\toks17
)
("C:\Users\pc\AppData\Local\Programs\MiKTeX 2.9\tex/latex/graphics\graphics.sty
"
Package: graphics 2017/06/25 v1.2c Standard LaTeX Graphics (DPC,SPQR)
 ("C:\Users\pc\AppData\Local\Programs\MiKTeX 2.9\tex/latex/graphics\trig.sty"
Package: trig 2016/01/03 v1.10 sin cos tan (DPC)
)
("C:\Users\pc\AppData\Local\Programs\MiKTeX 2.9\tex/latex/graphics-cfg\graphics
.cfg"
File: graphics.cfg 2016/06/04 v1.11 sample graphics configuration
)
Package graphics Info: Driver file: pdftex.def on input line 99.

("C:\Users\pc\AppData\Local\Programs\MiKTeX 2.9\tex/latex/graphics-def\pdftex.d
ef"
File: pdftex.def 2018/01/08 v1.0l Graphics/color driver for pdftex
))
\Gin@req@height=\dimen103
\Gin@req@width=\dimen104
)
("C:\Users\pc\AppData\Local\Programs\MiKTeX 2.9\tex/latex/base\fixltx2e.sty"
Package: fixltx2e 2016/12/29 v2.1a fixes to LaTeX (obsolete)
Applying: [2015/01/01] Old fixltx2e package on input line 46.


Package fixltx2e Warning: fixltx2e is not required with releases after 2015
(fixltx2e)                All fixes are now in the LaTeX kernel.
(fixltx2e)                See the latexrelease package for details.

Already applied: [0000/00/00] Old fixltx2e package on input line 53.
) ("C:\Users\pc\AppData\Local\Programs\MiKTeX 2.9\tex/latex/wrapfig\wrapfig.sty
"
\wrapoverhang=\dimen105
\WF@size=\dimen106
\c@WF@wrappedlines=\count97
\WF@box=\box29
\WF@everypar=\toks18
Package: wrapfig 2003/01/31  v 3.6
)
("C:\Users\pc\AppData\Local\Programs\MiKTeX 2.9\tex/latex/geometry\geometry.sty
"
Package: geometry 2018/04/16 v5.8 Page Geometry
 ("C:\Users\pc\AppData\Local\Programs\MiKTeX 2.9\tex/generic/oberdiek\ifpdf.sty
"
Package: ifpdf 2018/09/07 v3.3 Provides the ifpdf switch
)
("C:\Users\pc\AppData\Local\Programs\MiKTeX 2.9\tex/generic/oberdiek\ifvtex.sty
"
Package: ifvtex 2016/05/16 v1.6 Detect VTeX and its facilities (HO)
Package ifvtex Info: VTeX not detected.
)
("C:\Users\pc\AppData\Local\Programs\MiKTeX 2.9\tex/generic/ifxetex\ifxetex.sty
"
Package: ifxetex 2010/09/12 v0.6 Provides ifxetex conditional
)
\Gm@cnth=\count98
\Gm@cntv=\count99
\c@Gm@tempcnt=\count100
\Gm@bindingoffset=\dimen107
\Gm@wd@mp=\dimen108
\Gm@odd@mp=\dimen109
\Gm@even@mp=\dimen110
\Gm@layoutwidth=\dimen111
\Gm@layoutheight=\dimen112
\Gm@layouthoffset=\dimen113
\Gm@layoutvoffset=\dimen114
\Gm@dimlist=\toks19

("C:\Users\pc\AppData\Local\Programs\MiKTeX 2.9\tex/latex/geometry\geometry.cfg
"))
*geometry* verbose mode - [ newgeometry ] result:
* driver: 
* paper: <default>
* layout: <same size as paper>
* layoutoffset:(h,v)=(0.0pt,0.0pt)
* modes: 
* h-part:(L,W,R)=(85.35826pt, 443.57848pt, 85.35826pt)
* v-part:(T,H,B)=(110.96574pt, 573.0385pt, 110.96574pt)
* \paperwidth=614.295pt
* \paperheight=794.96999pt
* \textwidth=443.57848pt
* \textheight=573.0385pt
* \oddsidemargin=13.08827pt
* \evensidemargin=13.08827pt
* \topmargin=1.69576pt
* \headheight=12.0pt
* \headsep=25.0pt
* \topskip=11.0pt
* \footskip=30.0pt
* \marginparwidth=59.0pt
* \marginparsep=10.0pt
* \columnsep=10.0pt
* \skip\footins=10.0pt plus 4.0pt minus 2.0pt
* \hoffset=0.0pt
* \voffset=0.0pt
* \mag=1000
* \@twocolumnfalse
* \@twosidefalse
* \@mparswitchfalse
* \@reversemarginfalse
* (1in=72.27pt=25.4mm, 1cm=28.453pt)

 (DSA.aux

LaTeX Warning: Label `fig:mpr' multiply defined.

)
\openout1 = `DSA.aux'.

LaTeX Font Info:    Checking defaults for OML/cmm/m/it on input line 11.
LaTeX Font Info:    ... okay on input line 11.
LaTeX Font Info:    Checking defaults for T1/cmr/m/n on input line 11.
LaTeX Font Info:    ... okay on input line 11.
LaTeX Font Info:    Checking defaults for OT1/cmr/m/n on input line 11.
LaTeX Font Info:    ... okay on input line 11.
LaTeX Font Info:    Checking defaults for OMS/cmsy/m/n on input line 11.
LaTeX Font Info:    ... okay on input line 11.
LaTeX Font Info:    Checking defaults for OMX/cmex/m/n on input line 11.
LaTeX Font Info:    ... okay on input line 11.
LaTeX Font Info:    Checking defaults for U/cmr/m/n on input line 11.
LaTeX Font Info:    ... okay on input line 11.

("C:\Users\pc\AppData\Local\Programs\MiKTeX 2.9\tex/context/base/mkii\supp-pdf.
mkii"
[Loading MPS to PDF converter (version 2006.09.02).]
\scratchcounter=\count101
\scratchdimen=\dimen115
\scratchbox=\box30
\nofMPsegments=\count102
\nofMParguments=\count103
\everyMPshowfont=\toks20
\MPscratchCnt=\count104
\MPscratchDim=\dimen116
\MPnumerator=\count105
\makeMPintoPDFobject=\count106
\everyMPtoPDFconversion=\toks21
)
("C:\Users\pc\AppData\Local\Programs\MiKTeX 2.9\tex/latex/oberdiek\epstopdf-bas
e.sty"
Package: epstopdf-base 2016/05/15 v2.6 Base part for package epstopdf

("C:\Users\pc\AppData\Local\Programs\MiKTeX 2.9\tex/generic/oberdiek\infwarerr.
sty"
Package: infwarerr 2016/05/16 v1.4 Providing info/warning/error messages (HO)
)
("C:\Users\pc\AppData\Local\Programs\MiKTeX 2.9\tex/latex/oberdiek\grfext.sty"
Package: grfext 2016/05/16 v1.2 Manage graphics extensions (HO)

("C:\Users\pc\AppData\Local\Programs\MiKTeX 2.9\tex/generic/oberdiek\kvdefineke
ys.sty"
Package: kvdefinekeys 2016/05/16 v1.4 Define keys (HO)

("C:\Users\pc\AppData\Local\Programs\MiKTeX 2.9\tex/generic/oberdiek\ltxcmds.st
y"
Package: ltxcmds 2016/05/16 v1.23 LaTeX kernel commands for general use (HO)
)))
("C:\Users\pc\AppData\Local\Programs\MiKTeX 2.9\tex/latex/oberdiek\kvoptions.st
y"
Package: kvoptions 2016/05/16 v3.12 Key value format for package options (HO)

("C:\Users\pc\AppData\Local\Programs\MiKTeX 2.9\tex/generic/oberdiek\kvsetkeys.
sty"
Package: kvsetkeys 2016/05/16 v1.17 Key value parser (HO)

("C:\Users\pc\AppData\Local\Programs\MiKTeX 2.9\tex/generic/oberdiek\etexcmds.s
ty"
Package: etexcmds 2016/05/16 v1.6 Avoid name clashes with e-TeX commands (HO)

("C:\Users\pc\AppData\Local\Programs\MiKTeX 2.9\tex/generic/oberdiek\ifluatex.s
ty"
Package: ifluatex 2016/05/16 v1.4 Provides the ifluatex switch (HO)
Package ifluatex Info: LuaTeX not detected.
))))
("C:\Users\pc\AppData\Local\Programs\MiKTeX 2.9\tex/generic/oberdiek\pdftexcmds
.sty"
Package: pdftexcmds 2019/07/25 v0.30 Utility functions of pdfTeX for LuaTeX (HO
)
Package pdftexcmds Info: LuaTeX not detected.
Package pdftexcmds Info: \pdf@primitive is available.
Package pdftexcmds Info: \pdf@ifprimitive is available.
Package pdftexcmds Info: \pdfdraftmode found.
)
Package epstopdf-base Info: Redefining graphics rule for `.eps' on input line 4
38.
Package grfext Info: Graphics extension search list:
(grfext)             [.pdf,.png,.jpg,.mps,.jpeg,.jbig2,.jb2,.PDF,.PNG,.JPG,.JPE
G,.JBIG2,.JB2,.eps]
(grfext)             \AppendGraphicsExtensions on input line 456.
)
*geometry* driver: auto-detecting
*geometry* detected driver: pdftex
*geometry* verbose mode - [ preamble ] result:
* driver: pdftex
* paper: <default>
* layout: <same size as paper>
* layoutoffset:(h,v)=(0.0pt,0.0pt)
* modes: 
* h-part:(L,W,R)=(85.35826pt, 443.57848pt, 85.35826pt)
* v-part:(T,H,B)=(110.96574pt, 573.0385pt, 110.96574pt)
* \paperwidth=614.295pt
* \paperheight=794.96999pt
* \textwidth=443.57848pt
* \textheight=573.0385pt
* \oddsidemargin=13.08827pt
* \evensidemargin=13.08827pt
* \topmargin=1.69576pt
* \headheight=12.0pt
* \headsep=25.0pt
* \topskip=11.0pt
* \footskip=30.0pt
* \marginparwidth=59.0pt
* \marginparsep=10.0pt
* \columnsep=10.0pt
* \skip\footins=10.0pt plus 4.0pt minus 2.0pt
* \hoffset=0.0pt
* \voffset=0.0pt
* \mag=1000
* \@twocolumnfalse
* \@twosidefalse
* \@mparswitchfalse
* \@reversemarginfalse
* (1in=72.27pt=25.4mm, 1cm=28.453pt)

LaTeX Font Info:    External font `cmex10' loaded for size
(Font)              <10.95> on input line 19.
LaTeX Font Info:    External font `cmex10' loaded for size
(Font)              <8> on input line 19.
LaTeX Font Info:    External font `cmex10' loaded for size
(Font)              <6> on input line 19.
<DSA_ff.jpg, id=1, 936.49875pt x 353.32pt>
File: DSA_ff.jpg Graphic file (type jpg)
<use DSA_ff.jpg>
Package pdftex.def Info: DSA_ff.jpg  used on input line 29.
(pdftex.def)             Requested size: 155.25517pt x 58.57024pt.
<DSA3ff.jpg, id=2, 2281.52374pt x 1417.295pt>
File: DSA3ff.jpg Graphic file (type jpg)
<use DSA3ff.jpg>
Package pdftex.def Info: DSA3ff.jpg  used on input line 38.
(pdftex.def)             Requested size: 377.0444pt x 234.21123pt.

Underfull \hbox (badness 10000) in paragraph at lines 43--44

 []

[1


{C:/Users/pc/AppData/Local/MiKTeX/2.9/pdftex/config/pdftex.map} <./DSA_ff.jpg> 
<./DSA3ff.jpg>]
Underfull \hbox (badness 10000) in paragraph at lines 45--50

 []


Underfull \hbox (badness 10000) in paragraph at lines 45--50

 []


Underfull \hbox (badness 10000) in paragraph at lines 51--53

 []

[2] [3] [4] (DSA.aux)

LaTeX Warning: There were multiply-defined labels.

 ) 
Here is how much of TeX's memory you used:
 2646 strings out of 492895
 39332 string characters out of 3125136
 127073 words of memory out of 3000000
 6534 multiletter control sequences out of 15000+200000
 7585 words of font info for 27 fonts, out of 3000000 for 9000
 1141 hyphenation exceptions out of 8191
 41i,5n,28p,970b,302s stack positions out of 5000i,500n,10000p,200000b,50000s
<C:/Users/pc/AppData/Local/Programs/MiKTeX 2.9/fonts/type1/public/amsfonts/cm
/cmbx10.pfb><C:/Users/pc/AppData/Local/Programs/MiKTeX 2.9/fonts/type1/public/a
msfonts/cm/cmcsc10.pfb><C:/Users/pc/AppData/Local/Programs/MiKTeX 2.9/fonts/typ
e1/public/amsfonts/cm/cmmi10.pfb><C:/Users/pc/AppData/Local/Programs/MiKTeX 2.9
/fonts/type1/public/amsfonts/cm/cmmi8.pfb><C:/Users/pc/AppData/Local/Programs/M
iKTeX 2.9/fonts/type1/public/amsfonts/cm/cmr10.pfb><C:/Users/pc/AppData/Local/P
rograms/MiKTeX 2.9/fonts/type1/public/amsfonts/cm/cmr12.pfb><C:/Users/pc/AppDat
a/Local/Programs/MiKTeX 2.9/fonts/type1/public/amsfonts/cm/cmr8.pfb><C:/Users/p
c/AppData/Local/Programs/MiKTeX 2.9/fonts/type1/public/amsfonts/cm/cmr9.pfb><C:
/Users/pc/AppData/Local/Programs/MiKTeX 2.9/fonts/type1/public/amsfonts/cm/cmsy
10.pfb>
Output written on DSA.pdf (4 pages, 2581311 bytes).
PDF statistics:
 53 PDF objects out of 1000 (max. 8388607)
 0 named destinations out of 1000 (max. 500000)
 11 words of extra memory for PDF output out of 10000 (max. 10000000)

